#separator \x09
#set_separator	,
#empty_field	(empty)
#unset_field	-
#path	reporter
#open	2023-09-21-16-50-07
#fields	ts	level	message	location
#types	time	enum	string	string
1103453983.217592	Reporter::ERROR	field value missing (PostgreSQL::c$postgresql$column_num)	././scripts/main.zeek, line 109
1103453983.217721	Reporter::ERROR	field value missing (PostgreSQL::c$postgresql$column_num)	././scripts/main.zeek, line 109
1103453983.291714	Reporter::ERROR	field value missing (PostgreSQL::c$postgresql$column_num)	././scripts/main.zeek, line 109
1103453983.291714	Reporter::ERROR	field value missing (PostgreSQL::c$postgresql$column_num)	././scripts/main.zeek, line 109
1103453983.291714	Reporter::ERROR	field value missing (PostgreSQL::c$postgresql$column_num)	././scripts/main.zeek, line 109
1103453983.291714	Reporter::ERROR	field value missing (PostgreSQL::c$postgresql$column_num)	././scripts/main.zeek, line 109
1103453983.291714	Reporter::ERROR	field value missing (PostgreSQL::c$postgresql$column_num)	././scripts/main.zeek, line 109
1103453983.291714	Reporter::ERROR	field value missing (PostgreSQL::c$postgresql$column_num)	././scripts/main.zeek, line 109
1103453983.292622	Reporter::ERROR	field value missing (PostgreSQL::c$postgresql$column_num)	././scripts/main.zeek, line 109
1103453983.292622	Reporter::ERROR	field value missing (PostgreSQL::c$postgresql$column_num)	././scripts/main.zeek, line 109
1103453983.292622	Reporter::ERROR	field value missing (PostgreSQL::c$postgresql$column_num)	././scripts/main.zeek, line 109
1103453983.292622	Reporter::ERROR	field value missing (PostgreSQL::c$postgresql$column_num)	././scripts/main.zeek, line 109
1103453983.292622	Reporter::ERROR	field value missing (PostgreSQL::c$postgresql$column_num)	././scripts/main.zeek, line 109
1103453983.292622	Reporter::ERROR	field value missing (PostgreSQL::c$postgresql$column_num)	././scripts/main.zeek, line 109
1103453983.295542	Reporter::ERROR	field value missing (PostgreSQL::c$postgresql$column_num)	././scripts/main.zeek, line 109
1103453983.295542	Reporter::ERROR	field value missing (PostgreSQL::c$postgresql$column_num)	././scripts/main.zeek, line 109
1103453983.295542	Reporter::ERROR	field value missing (PostgreSQL::c$postgresql$column_num)	././scripts/main.zeek, line 109
1103453983.297139	Reporter::ERROR	field value missing (PostgreSQL::c$postgresql$column_num)	././scripts/main.zeek, line 109
1103453983.297850	Reporter::ERROR	field value missing (PostgreSQL::c$postgresql$column_num)	././scripts/main.zeek, line 109
1103453983.297850	Reporter::ERROR	field value missing (PostgreSQL::c$postgresql$column_num)	././scripts/main.zeek, line 109
1103453983.299534	Reporter::ERROR	field value missing (PostgreSQL::c$postgresql$column_num)	././scripts/main.zeek, line 109
1103453983.299534	Reporter::ERROR	field value missing (PostgreSQL::c$postgresql$column_num)	././scripts/main.zeek, line 109
1103453992.313832	Reporter::ERROR	field value missing (PostgreSQL::c$postgresql$column_num)	././scripts/main.zeek, line 109
1103453992.313832	Reporter::ERROR	field value missing (PostgreSQL::c$postgresql$column_num)	././scripts/main.zeek, line 109
1103453998.615143	Reporter::ERROR	field value missing (PostgreSQL::c$postgresql$column_num)	././scripts/main.zeek, line 109
1103453998.615143	Reporter::ERROR	field value missing (PostgreSQL::c$postgresql$column_num)	././scripts/main.zeek, line 109
1103453998.615162	Reporter::ERROR	field value missing (PostgreSQL::c$postgresql$column_num)	././scripts/main.zeek, line 109
1103453998.615162	Reporter::ERROR	field value missing (PostgreSQL::c$postgresql$column_num)	././scripts/main.zeek, line 109
#close	2023-09-21-16-50-07
